<?xml version="1.0" encoding="UTF-8"?>
<!-- Generated by org.testng.reporters.JUnitXMLReporter -->
<testsuite ignored="3" hostname="DESKTOP-66NG6LL" failures="0" tests="2" name="GroupsAtTestlevel" time="0.092" errors="0" timestamp="2023-03-30T13:23:09 IST">
  <testcase classname="testNGLearning.TestNGGroups" name="testCase1" time="0.006"/>
  <testcase classname="testNGLearning.TestNGAnnotations" name="tc1" time="0.003"/>
  <testcase classname="testNGLearning.TestNGAnnotations" name="tc2" time="0.0">
    <ignored/>
  </testcase> <!-- tc2 -->
  <testcase classname="testNGLearning.TestNGGroups" name="testCase2" time="0.0">
    <ignored/>
  </testcase> <!-- testCase2 -->
  <testcase classname="testNGLearning.TestNGGroups" name="testCase3" time="0.0">
    <ignored/>
  </testcase> <!-- testCase3 -->
</testsuite> <!-- GroupsAtTestlevel -->
