<?xml version="1.0" encoding="UTF-8"?>
<!-- Generated by org.testng.reporters.JUnitXMLReporter -->
<testsuite ignored="2" hostname="DESKTOP-66NG6LL" failures="0" tests="1" name="GroupTest2" time="0.007" errors="0" timestamp="2023-03-30T13:21:40 IST">
  <testcase classname="testNGLearning.TestNGGroups" name="testCase2" time="0.002"/>
  <testcase classname="testNGLearning.TestNGGroups" name="testCase1" time="0.0">
    <ignored/>
  </testcase> <!-- testCase1 -->
  <testcase classname="testNGLearning.TestNGGroups" name="testCase3" time="0.0">
    <ignored/>
  </testcase> <!-- testCase3 -->
</testsuite> <!-- GroupTest2 -->
