<?xml version="1.0" encoding="UTF-8"?>
<testng-results ignored="0" total="1" passed="1" failed="0" skipped="0">
  <reporter-output>
  </reporter-output>
  <suite started-at="2023-09-21T23:49:24 IST" name="Default suite" finished-at="2023-09-21T23:49:31 IST" duration-ms="6272">
    <groups>
    </groups>
    <test started-at="2023-09-21T23:49:24 IST" name="Default test" finished-at="2023-09-21T23:49:31 IST" duration-ms="6272">
      <class name="testNGLearning.PractiseProgramm2">
        <test-method is-config="true" signature="greenkartBaseClass()[pri:0, instance:testNGLearning.PractiseProgramm2@11392934]" started-at="2023-09-21T23:49:24 IST" name="greenkartBaseClass" finished-at="2023-09-21T23:49:30 IST" duration-ms="5798" status="PASS">
          <reporter-output>
          </reporter-output>
        </test-method> <!-- greenkartBaseClass -->
        <test-method signature="findDiscountedPercentage()[pri:0, instance:testNGLearning.PractiseProgramm2@11392934]" started-at="2023-09-21T23:49:30 IST" name="findDiscountedPercentage" finished-at="2023-09-21T23:49:31 IST" duration-ms="430" status="PASS">
          <reporter-output>
          </reporter-output>
        </test-method> <!-- findDiscountedPercentage -->
      </class> <!-- testNGLearning.PractiseProgramm2 -->
    </test> <!-- Default test -->
  </suite> <!-- Default suite -->
</testng-results>
